{"/Users/zelinwu/personal/Toys/jest-demo/src/example.js": {"path":"/Users/zelinwu/personal/Toys/jest-demo/src/example.js","statementMap":{"0":{"start":{"line":1,"column":14},"end":{"line":1,"column":30}},"1":{"start":{"line":2,"column":14},"end":{"line":2,"column":30}},"2":{"start":{"line":4,"column":17},"end":{"line":6,"column":1}},"3":{"start":{"line":5,"column":2},"end":{"line":5,"column":14}},"4":{"start":{"line":8,"column":18},"end":{"line":34,"column":1}},"5":{"start":{"line":9,"column":2},"end":{"line":33,"column":4}},"6":{"start":{"line":16,"column":16},"end":{"line":16,"column":95}},"7":{"start":{"line":18,"column":16},"end":{"line":25,"column":6}},"8":{"start":{"line":19,"column":6},"end":{"line":19,"column":43}},"9":{"start":{"line":21,"column":6},"end":{"line":24,"column":8}},"10":{"start":{"line":22,"column":8},"end":{"line":22,"column":31}},"11":{"start":{"line":23,"column":8},"end":{"line":23,"column":41}},"12":{"start":{"line":27,"column":4},"end":{"line":30,"column":6}},"13":{"start":{"line":28,"column":6},"end":{"line":28,"column":26}},"14":{"start":{"line":29,"column":6},"end":{"line":29,"column":20}},"15":{"start":{"line":32,"column":4},"end":{"line":32,"column":13}},"16":{"start":{"line":36,"column":18},"end":{"line":38,"column":1}},"17":{"start":{"line":37,"column":2},"end":{"line":37,"column":99}},"18":{"start":{"line":40,"column":14},"end":{"line":42,"column":1}},"19":{"start":{"line":41,"column":2},"end":{"line":41,"column":17}},"20":{"start":{"line":44,"column":18},"end":{"line":49,"column":1}},"21":{"start":{"line":45,"column":2},"end":{"line":48,"column":3}},"22":{"start":{"line":51,"column":14},"end":{"line":57,"column":1}},"23":{"start":{"line":52,"column":2},"end":{"line":52,"column":25}},"24":{"start":{"line":53,"column":2},"end":{"line":56,"column":10}},"25":{"start":{"line":54,"column":4},"end":{"line":54,"column":29}},"26":{"start":{"line":55,"column":4},"end":{"line":55,"column":26}},"27":{"start":{"line":59,"column":21},"end":{"line":65,"column":1}},"28":{"start":{"line":60,"column":2},"end":{"line":60,"column":17}},"29":{"start":{"line":61,"column":13},"end":{"line":63,"column":3}},"30":{"start":{"line":62,"column":4},"end":{"line":62,"column":19}},"31":{"start":{"line":64,"column":2},"end":{"line":64,"column":6}}},"fnMap":{"0":{"name":"(anonymous_0)","decl":{"start":{"line":4,"column":17},"end":{"line":4,"column":18}},"loc":{"start":{"line":4,"column":27},"end":{"line":6,"column":1}},"line":4},"1":{"name":"(anonymous_1)","decl":{"start":{"line":8,"column":18},"end":{"line":8,"column":19}},"loc":{"start":{"line":8,"column":24},"end":{"line":34,"column":1}},"line":8},"2":{"name":"(anonymous_2)","decl":{"start":{"line":9,"column":21},"end":{"line":9,"column":22}},"loc":{"start":{"line":9,"column":42},"end":{"line":33,"column":3}},"line":9},"3":{"name":"(anonymous_3)","decl":{"start":{"line":18,"column":35},"end":{"line":18,"column":36}},"loc":{"start":{"line":18,"column":42},"end":{"line":25,"column":5}},"line":18},"4":{"name":"(anonymous_4)","decl":{"start":{"line":21,"column":21},"end":{"line":21,"column":22}},"loc":{"start":{"line":21,"column":26},"end":{"line":24,"column":7}},"line":21},"5":{"name":"(anonymous_5)","decl":{"start":{"line":27,"column":20},"end":{"line":27,"column":21}},"loc":{"start":{"line":27,"column":29},"end":{"line":30,"column":5}},"line":27},"6":{"name":"(anonymous_6)","decl":{"start":{"line":36,"column":18},"end":{"line":36,"column":19}},"loc":{"start":{"line":36,"column":24},"end":{"line":38,"column":1}},"line":36},"7":{"name":"(anonymous_7)","decl":{"start":{"line":40,"column":14},"end":{"line":40,"column":15}},"loc":{"start":{"line":40,"column":20},"end":{"line":42,"column":1}},"line":40},"8":{"name":"(anonymous_8)","decl":{"start":{"line":44,"column":18},"end":{"line":44,"column":19}},"loc":{"start":{"line":44,"column":24},"end":{"line":49,"column":1}},"line":44},"9":{"name":"(anonymous_9)","decl":{"start":{"line":51,"column":14},"end":{"line":51,"column":15}},"loc":{"start":{"line":51,"column":28},"end":{"line":57,"column":1}},"line":51},"10":{"name":"(anonymous_10)","decl":{"start":{"line":53,"column":13},"end":{"line":53,"column":14}},"loc":{"start":{"line":53,"column":19},"end":{"line":56,"column":3}},"line":53},"11":{"name":"(anonymous_11)","decl":{"start":{"line":59,"column":21},"end":{"line":59,"column":22}},"loc":{"start":{"line":59,"column":27},"end":{"line":65,"column":1}},"line":59},"12":{"name":"(anonymous_12)","decl":{"start":{"line":61,"column":13},"end":{"line":61,"column":14}},"loc":{"start":{"line":61,"column":19},"end":{"line":63,"column":3}},"line":61}},"branchMap":{"0":{"loc":{"start":{"line":55,"column":4},"end":{"line":55,"column":26}},"type":"binary-expr","locations":[{"start":{"line":55,"column":4},"end":{"line":55,"column":12}},{"start":{"line":55,"column":16},"end":{"line":55,"column":26}}],"line":55}},"s":{"0":4,"1":4,"2":4,"3":1,"4":4,"5":2,"6":2,"7":2,"8":2,"9":2,"10":2,"11":2,"12":2,"13":0,"14":0,"15":2,"16":4,"17":1,"18":4,"19":1,"20":4,"21":1,"22":4,"23":1,"24":1,"25":1,"26":1,"27":4,"28":0,"29":0,"30":0,"31":0},"f":{"0":1,"1":2,"2":2,"3":2,"4":2,"5":0,"6":1,"7":1,"8":1,"9":1,"10":1,"11":0,"12":0},"b":{"0":[1,1]},"_coverageSchema":"1a1c01bbd47fc00a2c39e90264f33305004495a9","hash":"20c36fa29a83d96dbef02113c7d898945ee45392"}
}
