TN:
SF:src/example.js
FN:4,(anonymous_0)
FN:8,(anonymous_1)
FN:9,(anonymous_2)
FN:18,(anonymous_3)
FN:21,(anonymous_4)
FN:27,(anonymous_5)
FN:36,(anonymous_6)
FN:40,(anonymous_7)
FN:44,(anonymous_8)
FN:51,(anonymous_9)
FN:53,(anonymous_10)
FN:59,(anonymous_11)
FN:61,(anonymous_12)
FNF:13
FNH:10
FNDA:1,(anonymous_0)
FNDA:2,(anonymous_1)
FNDA:2,(anonymous_2)
FNDA:2,(anonymous_3)
FNDA:2,(anonymous_4)
FNDA:0,(anonymous_5)
FNDA:1,(anonymous_6)
FNDA:1,(anonymous_7)
FNDA:1,(anonymous_8)
FNDA:1,(anonymous_9)
FNDA:1,(anonymous_10)
FNDA:0,(anonymous_11)
FNDA:0,(anonymous_12)
DA:1,4
DA:2,4
DA:4,4
DA:5,1
DA:8,4
DA:9,2
DA:16,2
DA:18,2
DA:19,2
DA:21,2
DA:22,2
DA:23,2
DA:27,2
DA:28,0
DA:29,0
DA:32,2
DA:36,4
DA:37,1
DA:40,4
DA:41,1
DA:44,4
DA:45,1
DA:51,4
DA:52,1
DA:53,1
DA:54,1
DA:55,1
DA:59,4
DA:60,0
DA:61,0
DA:62,0
DA:64,0
LF:32
LH:26
BRDA:55,0,0,1
BRDA:55,0,1,1
BRF:2
BRH:2
end_of_record
